
log started at 11.02.2024 22:46:24
22:46:24 [App\Action\Crontab\StsStatistics]
22:46:24 [загрузка sts_hist_answer в sts_hist_answer]
22:46:26 [sts_hist_answer.txt строка 20875 не соответствие полей]
22:46:27 [обработано записей: 25241]
22:46:27 [загрузка sts_hist_calls в sts_hist_calls]
22:46:27 [обработано записей: 16609]
22:46:27 [загрузка sts_hist_export_detail в sts_hist_export_detail]
22:46:28 [обработано записей: 2745]
22:46:28 [загрузка sts_hist_readdress в sts_hist_readdress]
22:46:28 [обработано записей: 9366]
22:46:28 [===]
22:46:28 [заполнение таблицы current_region_city]
22:46:29 [список городов получен]
22:46:29 [сбор статистики по городам]
22:47:35 [App\Action\Crontab\AvgStatisticsMaker]
22:47:35 [Получаем забаненные IP]
22:47:36 [Количество забаненных IP: 0]
22:47:36 [обновление avg_stat_banner]
22:47:37 [вставлено 16 записей]
22:47:37 [обновление avg_stat_object]
22:47:40 [обновление avg_stat_popular_pages]
22:47:41 [обновление avg_stat_firm_popular_pages]
22:47:43 [обработано 2244 записей]
22:47:43 [обновление просмотров акций]
22:47:43 [обработано 0 записей]
22:47:43 [обновление просмотров видеороликов]
22:47:43 [обработано 0 записей]
22:47:43 [обновление просмотров рекламных модулей]
22:47:43 [обработано 0 записей]
22:47:43 [обновление кликов рекламных модулей]
22:47:43 [обработано 0 записей]
22:47:43 [===]
22:47:43 [App\Action\Crontab\AvgStatistics727373Maker]
22:47:43 [Получаем забаненные IP]
22:47:43 [Количество забаненных IP: 0]
22:47:43 [обновление avg_stat_banner727373]
22:47:43 [вставлено 2 записей]
22:47:43 [обновление avg_stat_object727373]
22:47:44 [обновление avg_stat_firm727373_popular_pages]
22:48:06 [обработано 1118 записей]
22:48:06 [===]
22:48:06 [Заполнение таблицы stat_site]
22:48:08 [Обновлено строк: 1]
22:48:08 [Готово]